# JRE version: OpenJDK Runtime Environment (8.0_152-b01) (build 1.8.0_152-release-915-b01)
# Java VM: OpenJDK 64-Bit Server VM (25.152-b01 mixed mode windows-amd64 compressed oops)
Heap:
 PSYoungGen      total 419840K, used 188358K [0x00000000e0000000, 0x00000000fdf00000, 0x0000000100000000)
  eden space 357376K, 43% used [0x00000000e0000000,0x00000000e97512b0,0x00000000f5d00000)
  from space 62464K, 53% used [0x00000000fa200000,0x00000000fc2a06d8,0x00000000fdf00000)
  to   space 66560K, 0% used [0x00000000f5d00000,0x00000000f5d00000,0x00000000f9e00000)
 ParOldGen       total 324096K, used 273806K [0x00000000a0000000, 0x00000000b3c80000, 0x00000000e0000000)
  object space 324096K, 84% used [0x00000000a0000000,0x00000000b0b63bc0,0x00000000b3c80000)
 Metaspace       used 101460K, capacity 117334K, committed 117632K, reserved 1148928K
  class space    used 12944K, capacity 17415K, committed 17536K, reserved 1048576K
GC Heap History (10 events):
Event: 9012.696 GC heap before
{Heap before GC invocations=70 (full 4):
 PSYoungGen      total 415232K, used 347564K [0x00000000e0000000, 0x00000000ff080000, 0x0000000100000000)
  eden space 323584K, 100% used [0x00000000e0000000,0x00000000f3c00000,0x00000000f3c00000)
  from space 91648K, 26% used [0x00000000f3c00000,0x00000000f536b028,0x00000000f9580000)
  to   space 86016K, 0% used [0x00000000f9c80000,0x00000000f9c80000,0x00000000ff080000)
 ParOldGen       total 324096K, used 273293K [0x00000000a0000000, 0x00000000b3c80000, 0x00000000e0000000)
  object space 324096K, 84% used [0x00000000a0000000,0x00000000b0ae35b0,0x00000000b3c80000)
 Metaspace       used 98888K, capacity 111680K, committed 112000K, reserved 1144832K
  class space    used 12460K, capacity 15879K, committed 16000K, reserved 1048576K
Event: 9012.757 GC heap after
Heap after GC invocations=70 (full 4):
 PSYoungGen      total 418304K, used 24974K [0x00000000e0000000, 0x00000000fe980000, 0x0000000100000000)
  eden space 339456K, 0% used [0x00000000e0000000,0x00000000e0000000,0x00000000f4b80000)
  from space 78848K, 31% used [0x00000000f9c80000,0x00000000fb4e3938,0x00000000fe980000)
  to   space 80896K, 0% used [0x00000000f4b80000,0x00000000f4b80000,0x00000000f9a80000)
 ParOldGen       total 324096K, used 273301K [0x00000000a0000000, 0x00000000b3c80000, 0x00000000e0000000)
  object space 324096K, 84% used [0x00000000a0000000,0x00000000b0ae55b0,0x00000000b3c80000)
 Metaspace       used 98888K, capacity 111680K, committed 112000K, reserved 1144832K
  class space    used 12460K, capacity 15879K, committed 16000K, reserved 1048576K
}
Event: 9274.441 GC heap before
{Heap before GC invocations=71 (full 4):
 PSYoungGen      total 418304K, used 364430K [0x00000000e0000000, 0x00000000fe980000, 0x0000000100000000)
  eden space 339456K, 100% used [0x00000000e0000000,0x00000000f4b80000,0x00000000f4b80000)
  from space 78848K, 31% used [0x00000000f9c80000,0x00000000fb4e3938,0x00000000fe980000)
  to   space 80896K, 0% used [0x00000000f4b80000,0x00000000f4b80000,0x00000000f9a80000)
 ParOldGen       total 324096K, used 273301K [0x00000000a0000000, 0x00000000b3c80000, 0x00000000e0000000)
  object space 324096K, 84% used [0x00000000a0000000,0x00000000b0ae55b0,0x00000000b3c80000)
 Metaspace       used 99766K, capacity 113724K, committed 114048K, reserved 1146880K
  class space    used 12640K, capacity 16426K, committed 16512K, reserved 1048576K
Event: 9274.499 GC heap after
Heap after GC invocations=71 (full 4):
 PSYoungGen      total 420352K, used 23870K [0x00000000e0000000, 0x00000000fed80000, 0x0000000100000000)
  eden space 339456K, 0% used [0x00000000e0000000,0x00000000e0000000,0x00000000f4b80000)
  from space 80896K, 29% used [0x00000000f4b80000,0x00000000f62cf918,0x00000000f9a80000)
  to   space 76288K, 0% used [0x00000000fa300000,0x00000000fa300000,0x00000000fed80000)
 ParOldGen       total 324096K, used 273309K [0x00000000a0000000, 0x00000000b3c80000, 0x00000000e0000000)
  object space 324096K, 84% used [0x00000000a0000000,0x00000000b0ae75b0,0x00000000b3c80000)
 Metaspace       used 99766K, capacity 113724K, committed 114048K, reserved 1146880K
  class space    used 12640K, capacity 16426K, committed 16512K, reserved 1048576K
}
Event: 9338.285 GC heap before
{Heap before GC invocations=72 (full 4):
 PSYoungGen      total 420352K, used 363326K [0x00000000e0000000, 0x00000000fed80000, 0x0000000100000000)
  eden space 339456K, 100% used [0x00000000e0000000,0x00000000f4b80000,0x00000000f4b80000)
  from space 80896K, 29% used [0x00000000f4b80000,0x00000000f62cf918,0x00000000f9a80000)
  to   space 76288K, 0% used [0x00000000fa300000,0x00000000fa300000,0x00000000fed80000)
 ParOldGen       total 324096K, used 273309K [0x00000000a0000000, 0x00000000b3c80000, 0x00000000e0000000)
  object space 324096K, 84% used [0x00000000a0000000,0x00000000b0ae75b0,0x00000000b3c80000)
 Metaspace       used 100362K, capacity 114986K, committed 115072K, reserved 1146880K
  class space    used 12743K, capacity 16758K, committed 16768K, reserved 1048576K
Event: 9338.307 GC heap after
Heap after GC invocations=72 (full 4):
 PSYoungGen      total 414720K, used 25395K [0x00000000e0000000, 0x00000000fe200000, 0x0000000100000000)
  eden space 350208K, 0% used [0x00000000e0000000,0x00000000e0000000,0x00000000f5600000)
  from space 64512K, 39% used [0x00000000fa300000,0x00000000fbbcccc8,0x00000000fe200000)
  to   space 71680K, 0% used [0x00000000f5600000,0x00000000f5600000,0x00000000f9c00000)
 ParOldGen       total 324096K, used 273558K [0x00000000a0000000, 0x00000000b3c80000, 0x00000000e0000000)
  object space 324096K, 84% used [0x00000000a0000000,0x00000000b0b25bc0,0x00000000b3c80000)
 Metaspace       used 100362K, capacity 114986K, committed 115072K, reserved 1146880K
  class space    used 12743K, capacity 16758K, committed 16768K, reserved 1048576K
}
Event: 9383.504 GC heap before
{Heap before GC invocations=73 (full 4):
 PSYoungGen      total 414720K, used 375603K [0x00000000e0000000, 0x00000000fe200000, 0x0000000100000000)
  eden space 350208K, 100% used [0x00000000e0000000,0x00000000f5600000,0x00000000f5600000)
  from space 64512K, 39% used [0x00000000fa300000,0x00000000fbbcccc8,0x00000000fe200000)
  to   space 71680K, 0% used [0x00000000f5600000,0x00000000f5600000,0x00000000f9c00000)
 ParOldGen       total 324096K, used 273558K [0x00000000a0000000, 0x00000000b3c80000, 0x00000000e0000000)
  object space 324096K, 84% used [0x00000000a0000000,0x00000000b0b25bc0,0x00000000b3c80000)
 Metaspace       used 101036K, capacity 116506K, committed 116864K, reserved 1148928K
  class space    used 12867K, capacity 17166K, committed 17280K, reserved 1048576K
Event: 9383.531 GC heap after
Heap after GC invocations=73 (full 4):
 PSYoungGen      total 421888K, used 30192K [0x00000000e0000000, 0x00000000fe500000, 0x0000000100000000)
  eden space 350208K, 0% used [0x00000000e0000000,0x00000000e0000000,0x00000000f5600000)
  from space 71680K, 42% used [0x00000000f5600000,0x00000000f737c200,0x00000000f9c00000)
  to   space 68608K, 0% used [0x00000000fa200000,0x00000000fa200000,0x00000000fe500000)
 ParOldGen       total 324096K, used 273766K [0x00000000a0000000, 0x00000000b3c80000, 0x00000000e0000000)
  object space 324096K, 84% used [0x00000000a0000000,0x00000000b0b59bc0,0x00000000b3c80000)
 Metaspace       used 101036K, capacity 116506K, committed 116864K, reserved 1148928K
  class space    used 12867K, capacity 17166K, committed 17280K, reserved 1048576K
}
Event: 9462.609 GC heap before
{Heap before GC invocations=74 (full 4):
 PSYoungGen      total 421888K, used 380400K [0x00000000e0000000, 0x00000000fe500000, 0x0000000100000000)
  eden space 350208K, 100% used [0x00000000e0000000,0x00000000f5600000,0x00000000f5600000)
  from space 71680K, 42% used [0x00000000f5600000,0x00000000f737c200,0x00000000f9c00000)
  to   space 68608K, 0% used [0x00000000fa200000,0x00000000fa200000,0x00000000fe500000)
 ParOldGen       total 324096K, used 273766K [0x00000000a0000000, 0x00000000b3c80000, 0x00000000e0000000)
  object space 324096K, 84% used [0x00000000a0000000,0x00000000b0b59bc0,0x00000000b3c80000)
 Metaspace       used 101396K, capacity 117206K, committed 117248K, reserved 1148928K
  class space    used 12932K, capacity 17375K, committed 17408K, reserved 1048576K
Event: 9462.641 GC heap after
Heap after GC invocations=74 (full 4):
 PSYoungGen      total 419840K, used 33409K [0x00000000e0000000, 0x00000000fdf00000, 0x0000000100000000)
  eden space 357376K, 0% used [0x00000000e0000000,0x00000000e0000000,0x00000000f5d00000)
  from space 62464K, 53% used [0x00000000fa200000,0x00000000fc2a06d8,0x00000000fdf00000)
  to   space 66560K, 0% used [0x00000000f5d00000,0x00000000f5d00000,0x00000000f9e00000)
 ParOldGen       total 324096K, used 273806K [0x00000000a0000000, 0x00000000b3c80000, 0x00000000e0000000)
  object space 324096K, 84% used [0x00000000a0000000,0x00000000b0b63bc0,0x00000000b3c80000)
 Metaspace       used 101396K, capacity 117206K, committed 117248K, reserved 1148928K
  class space    used 12932K, capacity 17375K, committed 17408K, reserved 1048576K
}

